Determining if the pthread_create exist failed with the following output:
Change Dir: /home/muhammed/CLionProjects/TCP_client/cmake-build-debug/CMakeFiles/CMakeTmp

Run Build Command:"/usr/bin/make" "cmTC_14144/fast"
/usr/bin/make -f CMakeFiles/cmTC_14144.dir/build.make CMakeFiles/cmTC_14144.dir/build
make[1]: Entering directory '/home/muhammed/CLionProjects/TCP_client/cmake-build-debug/CMakeFiles/CMakeTmp'
Building C object CMakeFiles/cmTC_14144.dir/CheckSymbolExists.c.o
/usr/bin/cc    -o CMakeFiles/cmTC_14144.dir/CheckSymbolExists.c.o   -c /home/muhammed/CLionProjects/TCP_client/cmake-build-debug/CMakeFiles/CMakeTmp/CheckSymbolExists.c
Linking C executable cmTC_14144
/home/muhammed/Downloads/CLion-2018.2.4/clion-2018.2.4/bin/cmake/linux/bin/cmake -E cmake_link_script CMakeFiles/cmTC_14144.dir/link.txt --verbose=1
/usr/bin/cc      CMakeFiles/cmTC_14144.dir/CheckSymbolExists.c.o  -o cmTC_14144 
CMakeFiles/cmTC_14144.dir/CheckSymbolExists.c.o: In function `main':
CheckSymbolExists.c:(.text+0x1b): undefined reference to `pthread_create'
collect2: error: ld returned 1 exit status
CMakeFiles/cmTC_14144.dir/build.make:86: recipe for target 'cmTC_14144' failed
make[1]: *** [cmTC_14144] Error 1
make[1]: Leaving directory '/home/muhammed/CLionProjects/TCP_client/cmake-build-debug/CMakeFiles/CMakeTmp'
Makefile:121: recipe for target 'cmTC_14144/fast' failed
make: *** [cmTC_14144/fast] Error 2

File /home/muhammed/CLionProjects/TCP_client/cmake-build-debug/CMakeFiles/CMakeTmp/CheckSymbolExists.c:
/* */
#include <pthread.h>

int main(int argc, char** argv)
{
  (void)argv;
#ifndef pthread_create
  return ((int*)(&pthread_create))[argc];
#else
  (void)argc;
  return 0;
#endif
}

